  main.cpp
D:\interview\BallCollision\GlobalState.h(56,19): warning C4244: аргумент: преобразование "time_t" в "unsigned int", возможна потеря данных
D:\interview\BallCollision\PhysicsEngine.h(67,30): warning C4244: =: преобразование "int" в "T", возможна потеря данных
          with
          [
              T=float
          ]
D:\interview\BallCollision\PhysicsEngine.h(68,30): warning C4244: =: преобразование "int" в "T", возможна потеря данных
          with
          [
              T=float
          ]
D:\interview\BallCollision\PhysicsEngine.h(69,46): warning C4244: =: преобразование "double" в "T", возможна потеря данных
          with
          [
              T=float
          ]
D:\interview\BallCollision\PhysicsEngine.h(70,46): warning C4244: =: преобразование "double" в "T", возможна потеря данных
          with
          [
              T=float
          ]
D:\interview\BallCollision\PhysicsEngine.h(72,23): warning C4244: =: преобразование "int" в "float", возможна потеря данных
D:\interview\BallCollision\PhysicsEngine.h(73,29): warning C4244: =: преобразование "int" в "float", возможна потеря данных
D:\interview\BallCollision\PhysicsEngine.h(79,61): warning C4244: аргумент: преобразование "int" в "T", возможна потеря данных
          with
          [
              T=float
          ]
D:\interview\BallCollision\PhysicsEngine.h(80,64): warning C4244: аргумент: преобразование "int" в "T", возможна потеря данных
          with
          [
              T=float
          ]
D:\interview\BallCollision\PhysicsEngine.h(81,61): warning C4244: аргумент: преобразование "int" в "T", возможна потеря данных
          with
          [
              T=float
          ]
D:\interview\BallCollision\PhysicsEngine.h(81,44): warning C4244: аргумент: преобразование "int" в "T", возможна потеря данных
          with
          [
              T=float
          ]
D:\interview\BallCollision\PhysicsEngine.h(81,41): warning C4244: аргумент: преобразование "int" в "T", возможна потеря данных
          with
          [
              T=float
          ]
D:\interview\BallCollision\PhysicsEngine.h(82,64): warning C4244: аргумент: преобразование "int" в "T", возможна потеря данных
          with
          [
              T=float
          ]
D:\interview\BallCollision\PhysicsEngine.h(82,44): warning C4244: аргумент: преобразование "int" в "T", возможна потеря данных
          with
          [
              T=float
          ]
D:\interview\BallCollision\PhysicsEngine.h(82,41): warning C4244: аргумент: преобразование "int" в "T", возможна потеря данных
          with
          [
              T=float
          ]
D:\interview\BallCollision\PhysicsEngine.h(94,45): warning C4244: аргумент: преобразование "double" в "const unsigned __int64", возможна потеря данных
D:\interview\BallCollision\PhysicsEngine.h(99,1): warning C4267: инициализация: преобразование из "size_t" в "int"; возможна потеря данных
D:\interview\BallCollision\PhysicsEngine.h(100,1): warning C4267: инициализация: преобразование из "size_t" в "int"; возможна потеря данных
D:\interview\BallCollision\PhysicsEngine.h(103,52): warning C4244: аргумент: преобразование "int" в "T", возможна потеря данных
          with
          [
              T=float
          ]
D:\interview\BallCollision\PhysicsEngine.h(103,47): warning C4244: аргумент: преобразование "int" в "T", возможна потеря данных
          with
          [
              T=float
          ]
D:\interview\BallCollision\PhysicsEngine.h(104,64): warning C4244: аргумент: преобразование "size_t" в "T", возможна потеря данных
          with
          [
              T=float
          ]
D:\interview\BallCollision\PhysicsEngine.h(104,51): warning C4244: аргумент: преобразование "size_t" в "T", возможна потеря данных
          with
          [
              T=float
          ]
D:\interview\BallCollision\PhysicsEngine.h(167,24): warning C4244: инициализация: преобразование "double" в "float", возможна потеря данных
D:\interview\BallCollision\PhysicsEngine.h(175,40): warning C4244: инициализация: преобразование "double" в "float", возможна потеря данных
D:\interview\BallCollision\PhysicsEngine.h(210,24): warning C4244: инициализация: преобразование "double" в "float", возможна потеря данных
  Создание кода
  27 of 503 functions ( 5.4%) were compiled, the rest were copied from previous compilation.
    23 functions were new in current compilation
    0 functions had inline decision re-evaluated but remain unchanged
  Создание кода завершено
  BallCollision.vcxproj -> D:\interview\x64\Release\BallCollision.exe
